<?xml version="1.0" encoding="UTF-8"?>
<!-- Generated by org.testng.reporters.JUnitXMLReporter -->
<testsuite ignored="2" hostname="DESKTOP-EAOAN9E" failures="0" tests="3" name="Surefire test" time="0.337" errors="0" timestamp="2022-09-14T16:00:06 MESZ">
  <testcase classname="com.citrus.sample.SampleJavaIT" name="echoToday" time="0.031"/>
  <testcase classname="com.citrus.sample.SampleJavaIT" name="sayHello" time="0.0"/>
  <testcase classname="com.citrus.sample.SampleXmlIT" name="sampleXml" time="0.228"/>
  <testcase classname="com.consol.citrus.testng.TestNGSuiteListener" name="@BeforeSuite beforeSuite" time="0.0">
    <ignored/>
  </testcase> <!-- @BeforeSuite beforeSuite -->
  <testcase classname="com.consol.citrus.testng.TestNGSuiteListener" name="@AfterSuite afterSuite" time="0.0">
    <ignored/>
  </testcase> <!-- @AfterSuite afterSuite -->
</testsuite> <!-- Surefire test -->
