<?xml version="1.0" encoding="UTF-8"?>
<testng-results ignored="2" total="5" passed="3" failed="0" skipped="0">
  <reporter-output>
  </reporter-output>
  <suite started-at="2022-09-14T16:00:05 MESZ" name="Surefire suite" finished-at="2022-09-14T16:00:06 MESZ" duration-ms="337">
    <groups>
    </groups>
    <test started-at="2022-09-14T16:00:05 MESZ" name="Surefire test" finished-at="2022-09-14T16:00:06 MESZ" duration-ms="337">
      <class name="com.citrus.sample.SampleJavaIT">
        <test-method is-config="true" signature="beforeSuite(org.testng.ITestContext)[pri:0, instance:com.citrus.sample.SampleJavaIT@2654635]" started-at="2022-09-14T16:00:04 MESZ" name="beforeSuite" finished-at="2022-09-14T16:00:05 MESZ" duration-ms="1225" status="PASS">
          <params>
            <param index="0">
              <value>
                <![CDATA[org.testng.TestRunner@37637a24]]>
              </value>
            </param>
          </params>
          <reporter-output>
          </reporter-output>
        </test-method> <!-- beforeSuite -->
        <test-method is-config="true" signature="springTestContextBeforeTestClass()[pri:0, instance:com.citrus.sample.SampleJavaIT@2654635]" started-at="2022-09-14T16:00:05 MESZ" name="springTestContextBeforeTestClass" finished-at="2022-09-14T16:00:05 MESZ" duration-ms="0" status="PASS">
          <reporter-output>
          </reporter-output>
        </test-method> <!-- springTestContextBeforeTestClass -->
        <test-method is-config="true" signature="before()[pri:0, instance:com.citrus.sample.SampleJavaIT@2654635]" started-at="2022-09-14T16:00:05 MESZ" name="before" finished-at="2022-09-14T16:00:05 MESZ" duration-ms="0" status="PASS">
          <reporter-output>
          </reporter-output>
        </test-method> <!-- before -->
        <test-method is-config="true" signature="springTestContextPrepareTestInstance()[pri:0, instance:com.citrus.sample.SampleJavaIT@2654635]" started-at="2022-09-14T16:00:05 MESZ" name="springTestContextPrepareTestInstance" finished-at="2022-09-14T16:00:05 MESZ" depends-on-methods="org.springframework.test.context.testng.AbstractTestNGSpringContextTests.springTestContextBeforeTestClass" duration-ms="0" status="PASS">
          <reporter-output>
          </reporter-output>
        </test-method> <!-- springTestContextPrepareTestInstance -->
        <test-method is-config="true" signature="springTestContextBeforeTestMethod(java.lang.reflect.Method)[pri:0, instance:com.citrus.sample.SampleJavaIT@2654635]" started-at="2022-09-14T16:00:05 MESZ" name="springTestContextBeforeTestMethod" finished-at="2022-09-14T16:00:05 MESZ" duration-ms="0" status="PASS">
          <params>
            <param index="0">
              <value>
                <![CDATA[public void com.citrus.sample.SampleJavaIT.echoToday()]]>
              </value>
            </param>
          </params>
          <reporter-output>
          </reporter-output>
        </test-method> <!-- springTestContextBeforeTestMethod -->
        <test-method signature="echoToday()[pri:0, instance:com.citrus.sample.SampleJavaIT@2654635]" started-at="2022-09-14T16:00:05 MESZ" name="echoToday" finished-at="2022-09-14T16:00:05 MESZ" duration-ms="31" status="PASS">
          <reporter-output>
          </reporter-output>
        </test-method> <!-- echoToday -->
        <test-method is-config="true" signature="springTestContextAfterTestClass()[pri:0, instance:com.citrus.sample.SampleJavaIT@2654635]" started-at="2022-09-14T16:00:05 MESZ" name="springTestContextAfterTestClass" finished-at="2022-09-14T16:00:05 MESZ" duration-ms="0" status="PASS">
          <reporter-output>
          </reporter-output>
        </test-method> <!-- springTestContextAfterTestClass -->
        <test-method is-config="true" signature="after()[pri:0, instance:com.citrus.sample.SampleJavaIT@2654635]" started-at="2022-09-14T16:00:05 MESZ" name="after" finished-at="2022-09-14T16:00:05 MESZ" duration-ms="16" status="PASS">
          <reporter-output>
          </reporter-output>
        </test-method> <!-- after -->
        <test-method signature="sayHello()[pri:0, instance:com.citrus.sample.SampleJavaIT@2654635]" started-at="2022-09-14T16:00:05 MESZ" name="sayHello" finished-at="2022-09-14T16:00:05 MESZ" duration-ms="0" status="PASS">
          <reporter-output>
          </reporter-output>
        </test-method> <!-- sayHello -->
        <test-method is-config="true" signature="springTestContextBeforeTestMethod(java.lang.reflect.Method)[pri:0, instance:com.citrus.sample.SampleJavaIT@2654635]" started-at="2022-09-14T16:00:05 MESZ" name="springTestContextBeforeTestMethod" finished-at="2022-09-14T16:00:05 MESZ" duration-ms="0" status="PASS">
          <params>
            <param index="0">
              <value>
                <![CDATA[public void com.citrus.sample.SampleJavaIT.sayHello()]]>
              </value>
            </param>
          </params>
          <reporter-output>
          </reporter-output>
        </test-method> <!-- springTestContextBeforeTestMethod -->
        <test-method is-config="true" signature="springTestContextAfterTestMethod(java.lang.reflect.Method)[pri:0, instance:com.citrus.sample.SampleJavaIT@2654635]" started-at="2022-09-14T16:00:05 MESZ" name="springTestContextAfterTestMethod" finished-at="2022-09-14T16:00:05 MESZ" duration-ms="0" status="PASS">
          <params>
            <param index="0">
              <value>
                <![CDATA[public void com.citrus.sample.SampleJavaIT.sayHello()]]>
              </value>
            </param>
          </params>
          <reporter-output>
          </reporter-output>
        </test-method> <!-- springTestContextAfterTestMethod -->
        <test-method is-config="true" signature="springTestContextAfterTestMethod(java.lang.reflect.Method)[pri:0, instance:com.citrus.sample.SampleJavaIT@2654635]" started-at="2022-09-14T16:00:05 MESZ" name="springTestContextAfterTestMethod" finished-at="2022-09-14T16:00:05 MESZ" duration-ms="0" status="PASS">
          <params>
            <param index="0">
              <value>
                <![CDATA[public void com.citrus.sample.SampleJavaIT.echoToday()]]>
              </value>
            </param>
          </params>
          <reporter-output>
          </reporter-output>
        </test-method> <!-- springTestContextAfterTestMethod -->
        <test-method is-config="true" signature="afterSuite(org.testng.ITestContext)[pri:0, instance:com.citrus.sample.SampleJavaIT@2654635]" started-at="2022-09-14T16:00:06 MESZ" name="afterSuite" finished-at="2022-09-14T16:00:06 MESZ" duration-ms="47" status="PASS">
          <params>
            <param index="0">
              <value>
                <![CDATA[org.testng.TestRunner@37637a24]]>
              </value>
            </param>
          </params>
          <reporter-output>
          </reporter-output>
        </test-method> <!-- afterSuite -->
      </class> <!-- com.citrus.sample.SampleJavaIT -->
      <class name="com.citrus.sample.SampleXmlIT">
        <test-method is-config="true" signature="springTestContextBeforeTestClass()[pri:0, instance:com.citrus.sample.SampleXmlIT@497486b3]" started-at="2022-09-14T16:00:05 MESZ" name="springTestContextBeforeTestClass" finished-at="2022-09-14T16:00:05 MESZ" duration-ms="0" status="PASS">
          <reporter-output>
          </reporter-output>
        </test-method> <!-- springTestContextBeforeTestClass -->
        <test-method is-config="true" signature="before()[pri:0, instance:com.citrus.sample.SampleXmlIT@497486b3]" started-at="2022-09-14T16:00:05 MESZ" name="before" finished-at="2022-09-14T16:00:05 MESZ" duration-ms="0" status="PASS">
          <reporter-output>
          </reporter-output>
        </test-method> <!-- before -->
        <test-method is-config="true" signature="springTestContextBeforeTestMethod(java.lang.reflect.Method)[pri:0, instance:com.citrus.sample.SampleXmlIT@497486b3]" started-at="2022-09-14T16:00:05 MESZ" name="springTestContextBeforeTestMethod" finished-at="2022-09-14T16:00:05 MESZ" duration-ms="0" status="PASS">
          <params>
            <param index="0">
              <value>
                <![CDATA[public void com.citrus.sample.SampleXmlIT.sampleXml()]]>
              </value>
            </param>
          </params>
          <reporter-output>
          </reporter-output>
        </test-method> <!-- springTestContextBeforeTestMethod -->
        <test-method is-config="true" signature="springTestContextPrepareTestInstance()[pri:0, instance:com.citrus.sample.SampleXmlIT@497486b3]" started-at="2022-09-14T16:00:05 MESZ" name="springTestContextPrepareTestInstance" finished-at="2022-09-14T16:00:05 MESZ" depends-on-methods="org.springframework.test.context.testng.AbstractTestNGSpringContextTests.springTestContextBeforeTestClass" duration-ms="0" status="PASS">
          <reporter-output>
          </reporter-output>
        </test-method> <!-- springTestContextPrepareTestInstance -->
        <test-method signature="sampleXml()[pri:0, instance:com.citrus.sample.SampleXmlIT@497486b3]" started-at="2022-09-14T16:00:05 MESZ" name="sampleXml" finished-at="2022-09-14T16:00:06 MESZ" duration-ms="228" status="PASS">
          <reporter-output>
          </reporter-output>
        </test-method> <!-- sampleXml -->
        <test-method is-config="true" signature="after()[pri:0, instance:com.citrus.sample.SampleXmlIT@497486b3]" started-at="2022-09-14T16:00:06 MESZ" name="after" finished-at="2022-09-14T16:00:06 MESZ" duration-ms="0" status="PASS">
          <reporter-output>
          </reporter-output>
        </test-method> <!-- after -->
        <test-method is-config="true" signature="springTestContextAfterTestClass()[pri:0, instance:com.citrus.sample.SampleXmlIT@497486b3]" started-at="2022-09-14T16:00:06 MESZ" name="springTestContextAfterTestClass" finished-at="2022-09-14T16:00:06 MESZ" duration-ms="0" status="PASS">
          <reporter-output>
          </reporter-output>
        </test-method> <!-- springTestContextAfterTestClass -->
        <test-method is-config="true" signature="springTestContextAfterTestMethod(java.lang.reflect.Method)[pri:0, instance:com.citrus.sample.SampleXmlIT@497486b3]" started-at="2022-09-14T16:00:06 MESZ" name="springTestContextAfterTestMethod" finished-at="2022-09-14T16:00:06 MESZ" duration-ms="0" status="PASS">
          <params>
            <param index="0">
              <value>
                <![CDATA[public void com.citrus.sample.SampleXmlIT.sampleXml()]]>
              </value>
            </param>
          </params>
          <reporter-output>
          </reporter-output>
        </test-method> <!-- springTestContextAfterTestMethod -->
      </class> <!-- com.citrus.sample.SampleXmlIT -->
    </test> <!-- Surefire test -->
  </suite> <!-- Surefire suite -->
</testng-results>
