<?xml version="1.0" encoding="UTF-8"?>
<testsuite xmlns:xsi="http://www.w3.org/2001/XMLSchema-instance" xsi:noNamespaceSchemaLocation="https://maven.apache.org/surefire/maven-failsafe-plugin/xsd/failsafe-test-report.xsd" name="TestSuite" time="2.776" tests="3" errors="0" skipped="0" failures="0">
  <properties>
[...]
</properties>
  <testcase name="echoToday" classname="com.citrus.sample.SampleJavaIT" time="0.047"/>
  <testcase name="sayHello" classname="com.citrus.sample.SampleJavaIT" time="0"/>
  <testcase name="sampleXml" classname="com.citrus.sample.SampleXmlIT" time="0.243"/>
</testsuite>